[16:23:23] [ServerMain/INFO]: Environment: Environment[sessionHost=https://sessionserver.mojang.com, servicesHost=https://api.minecraftservices.com, name=PROD]
[16:23:23] [ServerMain/INFO]: Found new data pack file/bukkit, loading it automatically
[16:23:25] [ServerMain/INFO]: No existing world data, creating new world
[16:23:26] [ServerMain/INFO]: Loaded 1290 recipes
[16:23:27] [Server thread/INFO]: Starting minecraft server version 1.21.1
[16:23:27] [Server thread/INFO]: Loading properties
[16:23:27] [Server thread/INFO]: This server is running CraftBukkit version 4344-Spigot-a759b62-19bf846 (MC: 1.21.1) (Implementing API version 1.21.1-R0.1-SNAPSHOT)
[16:23:28] [Server thread/INFO]: *** This version of Spigot contains changes to some enums. If you notice that plugins no longer work after updating, please report this to the developers of those plugins first. ***
[16:23:28] [Server thread/INFO]: *** If you cannot update those plugins, you can try setting `settings.compatibility.enum-compatibility-mode` to `true` in `bukkit.yml`. ***
[16:23:28] [Server thread/INFO]: Server Ping Player Sample Count: 12
[16:23:28] [Server thread/INFO]: Using 4 threads for Netty based IO
[16:23:28] [Server thread/INFO]: Debug logging is disabled
[16:23:28] [Server thread/INFO]: Default game type: SURVIVAL
[16:23:28] [Server thread/INFO]: Generating keypair
[16:23:28] [Server thread/INFO]: Starting Minecraft server on *:25565
[16:23:28] [Server thread/INFO]: Using epoll channel type
[16:23:29] [Server thread/INFO]: Preparing level "world"
[16:23:29] [Server thread/INFO]: -------- World Settings For [world] --------
[16:23:29] [Server thread/INFO]: View Distance: 10
[16:23:29] [Server thread/INFO]: Simulation Distance: 10
[16:23:29] [Server thread/INFO]: Item Despawn Rate: 6000
[16:23:29] [Server thread/INFO]: Item Merge Radius: 2.5
[16:23:29] [Server thread/INFO]: Arrow Despawn Rate: 1200 Trident Respawn Rate:1200
[16:23:29] [Server thread/INFO]: Allow Zombie Pigmen to spawn from portal blocks: true
[16:23:29] [Server thread/INFO]: Zombie Aggressive Towards Villager: true
[16:23:29] [Server thread/INFO]: Nerfing mobs spawned from spawners: false
[16:23:29] [Server thread/INFO]: Cactus Growth Modifier: 100%
[16:23:29] [Server thread/INFO]: Cane Growth Modifier: 100%
[16:23:29] [Server thread/INFO]: Melon Growth Modifier: 100%
[16:23:29] [Server thread/INFO]: Mushroom Growth Modifier: 100%
[16:23:29] [Server thread/INFO]: Pumpkin Growth Modifier: 100%
[16:23:29] [Server thread/INFO]: Sapling Growth Modifier: 100%
[16:23:29] [Server thread/INFO]: Beetroot Growth Modifier: 100%
[16:23:29] [Server thread/INFO]: Carrot Growth Modifier: 100%
[16:23:29] [Server thread/INFO]: Potato Growth Modifier: 100%
[16:23:29] [Server thread/INFO]: Wheat Growth Modifier: 100%
[16:23:29] [Server thread/INFO]: NetherWart Growth Modifier: 100%
[16:23:29] [Server thread/INFO]: Vine Growth Modifier: 100%
[16:23:29] [Server thread/INFO]: Cocoa Growth Modifier: 100%
[16:23:29] [Server thread/INFO]: Bamboo Growth Modifier: 100%
[16:23:29] [Server thread/INFO]: SweetBerry Growth Modifier: 100%
[16:23:29] [Server thread/INFO]: Kelp Growth Modifier: 100%
[16:23:29] [Server thread/INFO]: TwistingVines Growth Modifier: 100%
[16:23:29] [Server thread/INFO]: WeepingVines Growth Modifier: 100%
[16:23:29] [Server thread/INFO]: CaveVines Growth Modifier: 100%
[16:23:29] [Server thread/INFO]: Entity Activation Range: An 32 / Mo 32 / Ra 48 / Mi 16 / Tiv true / Isa false
[16:23:29] [Server thread/INFO]: Entity Tracking Range: Pl 48 / An 48 / Mo 48 / Mi 32 / Di 128 / Other 64
[16:23:29] [Server thread/INFO]: Hopper Transfer: 8 Hopper Check: 1 Hopper Amount: 1 Hopper Can Load Chunks: false
[16:23:29] [Server thread/INFO]: Mob Spawn Range: 6
[16:23:29] [Server thread/INFO]: Experience Merge Radius: 3.0
[16:23:29] [Server thread/INFO]: Custom Map Seeds:  Village: 10387312 Desert: 14357617 Igloo: 14357618 Jungle: 14357619 Swamp: 14357620 Monument: 10387313 Ocean: 14357621 Shipwreck: 165745295 End City: 10387313 Slime: 987234911 Nether: 30084232 Mansion: 10387319 Fossil: 14357921 Portal: 34222645
[16:23:29] [Server thread/INFO]: Max TNT Explosions: 100
[16:23:29] [Server thread/INFO]: Tile Max Tick Time: 50ms Entity max Tick Time: 50ms
[16:23:42] [Server thread/INFO]: -------- World Settings For [world_nether] --------
[16:23:42] [Server thread/INFO]: View Distance: 10
[16:23:42] [Server thread/INFO]: Simulation Distance: 10
[16:23:42] [Server thread/INFO]: Item Despawn Rate: 6000
[16:23:42] [Server thread/INFO]: Item Merge Radius: 2.5
[16:23:42] [Server thread/INFO]: Arrow Despawn Rate: 1200 Trident Respawn Rate:1200
[16:23:42] [Server thread/INFO]: Allow Zombie Pigmen to spawn from portal blocks: true
[16:23:42] [Server thread/INFO]: Zombie Aggressive Towards Villager: true
[16:23:42] [Server thread/INFO]: Nerfing mobs spawned from spawners: false
[16:23:42] [Server thread/INFO]: Cactus Growth Modifier: 100%
[16:23:42] [Server thread/INFO]: Cane Growth Modifier: 100%
[16:23:42] [Server thread/INFO]: Melon Growth Modifier: 100%
[16:23:42] [Server thread/INFO]: Mushroom Growth Modifier: 100%
[16:23:42] [Server thread/INFO]: Pumpkin Growth Modifier: 100%
[16:23:42] [Server thread/INFO]: Sapling Growth Modifier: 100%
[16:23:42] [Server thread/INFO]: Beetroot Growth Modifier: 100%
[16:23:42] [Server thread/INFO]: Carrot Growth Modifier: 100%
[16:23:42] [Server thread/INFO]: Potato Growth Modifier: 100%
[16:23:42] [Server thread/INFO]: Wheat Growth Modifier: 100%
[16:23:42] [Server thread/INFO]: NetherWart Growth Modifier: 100%
[16:23:42] [Server thread/INFO]: Vine Growth Modifier: 100%
[16:23:42] [Server thread/INFO]: Cocoa Growth Modifier: 100%
[16:23:42] [Server thread/INFO]: Bamboo Growth Modifier: 100%
[16:23:42] [Server thread/INFO]: SweetBerry Growth Modifier: 100%
[16:23:42] [Server thread/INFO]: Kelp Growth Modifier: 100%
[16:23:42] [Server thread/INFO]: TwistingVines Growth Modifier: 100%
[16:23:42] [Server thread/INFO]: WeepingVines Growth Modifier: 100%
[16:23:42] [Server thread/INFO]: CaveVines Growth Modifier: 100%
[16:23:42] [Server thread/INFO]: Entity Activation Range: An 32 / Mo 32 / Ra 48 / Mi 16 / Tiv true / Isa false
[16:23:42] [Server thread/INFO]: Entity Tracking Range: Pl 48 / An 48 / Mo 48 / Mi 32 / Di 128 / Other 64
[16:23:42] [Server thread/INFO]: Hopper Transfer: 8 Hopper Check: 1 Hopper Amount: 1 Hopper Can Load Chunks: false
[16:23:42] [Server thread/INFO]: Mob Spawn Range: 6
[16:23:42] [Server thread/INFO]: Experience Merge Radius: 3.0
[16:23:42] [Server thread/INFO]: Custom Map Seeds:  Village: 10387312 Desert: 14357617 Igloo: 14357618 Jungle: 14357619 Swamp: 14357620 Monument: 10387313 Ocean: 14357621 Shipwreck: 165745295 End City: 10387313 Slime: 987234911 Nether: 30084232 Mansion: 10387319 Fossil: 14357921 Portal: 34222645
[16:23:42] [Server thread/INFO]: Max TNT Explosions: 100
[16:23:42] [Server thread/INFO]: Tile Max Tick Time: 50ms Entity max Tick Time: 50ms
[16:23:44] [Server thread/INFO]: -------- World Settings For [world_the_end] --------
[16:23:44] [Server thread/INFO]: View Distance: 10
[16:23:44] [Server thread/INFO]: Simulation Distance: 10
[16:23:44] [Server thread/INFO]: Item Despawn Rate: 6000
[16:23:44] [Server thread/INFO]: Item Merge Radius: 2.5
[16:23:44] [Server thread/INFO]: Arrow Despawn Rate: 1200 Trident Respawn Rate:1200
[16:23:44] [Server thread/INFO]: Allow Zombie Pigmen to spawn from portal blocks: true
[16:23:44] [Server thread/INFO]: Zombie Aggressive Towards Villager: true
[16:23:44] [Server thread/INFO]: Nerfing mobs spawned from spawners: false
[16:23:44] [Server thread/INFO]: Cactus Growth Modifier: 100%
[16:23:44] [Server thread/INFO]: Cane Growth Modifier: 100%
[16:23:44] [Server thread/INFO]: Melon Growth Modifier: 100%
[16:23:44] [Server thread/INFO]: Mushroom Growth Modifier: 100%
[16:23:44] [Server thread/INFO]: Pumpkin Growth Modifier: 100%
[16:23:44] [Server thread/INFO]: Sapling Growth Modifier: 100%
[16:23:44] [Server thread/INFO]: Beetroot Growth Modifier: 100%
[16:23:44] [Server thread/INFO]: Carrot Growth Modifier: 100%
[16:23:44] [Server thread/INFO]: Potato Growth Modifier: 100%
[16:23:44] [Server thread/INFO]: Wheat Growth Modifier: 100%
[16:23:44] [Server thread/INFO]: NetherWart Growth Modifier: 100%
[16:23:44] [Server thread/INFO]: Vine Growth Modifier: 100%
[16:23:44] [Server thread/INFO]: Cocoa Growth Modifier: 100%
[16:23:44] [Server thread/INFO]: Bamboo Growth Modifier: 100%
[16:23:44] [Server thread/INFO]: SweetBerry Growth Modifier: 100%
[16:23:44] [Server thread/INFO]: Kelp Growth Modifier: 100%
[16:23:44] [Server thread/INFO]: TwistingVines Growth Modifier: 100%
[16:23:44] [Server thread/INFO]: WeepingVines Growth Modifier: 100%
[16:23:44] [Server thread/INFO]: CaveVines Growth Modifier: 100%
[16:23:44] [Server thread/INFO]: Entity Activation Range: An 32 / Mo 32 / Ra 48 / Mi 16 / Tiv true / Isa false
[16:23:44] [Server thread/INFO]: Entity Tracking Range: Pl 48 / An 48 / Mo 48 / Mi 32 / Di 128 / Other 64
[16:23:44] [Server thread/INFO]: Hopper Transfer: 8 Hopper Check: 1 Hopper Amount: 1 Hopper Can Load Chunks: false
[16:23:44] [Server thread/INFO]: Mob Spawn Range: 6
[16:23:44] [Server thread/INFO]: Experience Merge Radius: 3.0
[16:23:44] [Server thread/INFO]: Custom Map Seeds:  Village: 10387312 Desert: 14357617 Igloo: 14357618 Jungle: 14357619 Swamp: 14357620 Monument: 10387313 Ocean: 14357621 Shipwreck: 165745295 End City: 10387313 Slime: 987234911 Nether: 30084232 Mansion: 10387319 Fossil: 14357921 Portal: 34222645
[16:23:44] [Server thread/INFO]: Max TNT Explosions: 100
[16:23:44] [Server thread/INFO]: Tile Max Tick Time: 50ms Entity max Tick Time: 50ms
[16:23:45] [Server thread/INFO]: Preparing start region for dimension minecraft:overworld
[16:23:45] [Worker-Main-1/INFO]: Preparing spawn area: 2%
[16:23:46] [Worker-Main-1/INFO]: Preparing spawn area: 2%
[16:23:46] [Worker-Main-1/INFO]: Preparing spawn area: 2%
[16:23:47] [Worker-Main-1/INFO]: Preparing spawn area: 2%
[16:23:47] [Worker-Main-1/INFO]: Preparing spawn area: 2%
[16:23:48] [Worker-Main-1/INFO]: Preparing spawn area: 2%
[16:23:48] [Worker-Main-1/INFO]: Preparing spawn area: 2%
[16:23:49] [Worker-Main-1/INFO]: Preparing spawn area: 2%
[16:23:49] [Worker-Main-1/INFO]: Preparing spawn area: 2%
[16:23:50] [Worker-Main-1/INFO]: Preparing spawn area: 2%
[16:23:50] [Worker-Main-1/INFO]: Preparing spawn area: 2%
[16:23:51] [Worker-Main-1/INFO]: Preparing spawn area: 2%
[16:23:51] [Worker-Main-1/INFO]: Preparing spawn area: 2%
[16:23:52] [Worker-Main-1/INFO]: Preparing spawn area: 2%
[16:23:52] [Worker-Main-1/INFO]: Preparing spawn area: 2%
[16:23:53] [Worker-Main-1/INFO]: Preparing spawn area: 2%
[16:23:53] [Worker-Main-1/INFO]: Preparing spawn area: 2%
[16:23:54] [Worker-Main-1/INFO]: Preparing spawn area: 63%
[16:23:54] [Server thread/INFO]: Time elapsed: 9123 ms
[16:23:54] [Server thread/INFO]: Preparing start region for dimension minecraft:the_nether
[16:23:54] [Worker-Main-1/INFO]: Preparing spawn area: 2%
[16:23:55] [Worker-Main-1/INFO]: Preparing spawn area: 2%
[16:23:55] [Worker-Main-1/INFO]: Preparing spawn area: 2%
[16:23:56] [Worker-Main-1/INFO]: Preparing spawn area: 4%
[16:23:56] [Worker-Main-1/INFO]: Preparing spawn area: 4%
[16:23:57] [Worker-Main-1/INFO]: Preparing spawn area: 4%
[16:23:57] [Server thread/INFO]: Time elapsed: 2811 ms
[16:23:57] [Server thread/INFO]: Preparing start region for dimension minecraft:the_end
[16:23:57] [Worker-Main-1/INFO]: Preparing spawn area: 2%
[16:23:58] [Worker-Main-1/INFO]: Preparing spawn area: 2%
[16:23:58] [Server thread/INFO]: Time elapsed: 999 ms
[16:23:58] [Server thread/INFO]: Done (29.515s)! For help, type "help"
[16:27:23] [Thread-1/INFO]: Stopping server
[16:27:23] [Thread-1/INFO]: Saving players
